      Spec                                              Tests  Passing  Failing  Pending  Skipped  
  ┌────────────────────────────────────────────────────────────────────────────────────────────────┐
  │ ×  crow/001_cypress_crow_content_creat      00:26        2        -        1        1        - │
  │    e_article.spec.js                                                                           │
  ├────────────────────────────────────────────────────────────────────────────────────────────────┤
  │ ×  crow/002_cypress_crow_content_creat      00:22        2        -        1        1        - │
  │    e_edition.spec.js                                                                           │
  ├────────────────────────────────────────────────────────────────────────────────────────────────┤
  │ √  crow/003_cypress_crow_content_creat      01:03        2        1        -        1        - │
  │    e_external_link.spec.js                                                                     │
  ├────────────────────────────────────────────────────────────────────────────────────────────────┤
  │ √  crow/004_cypress_crow_content_creat      01:03        2        1        -        1        - │
  │    e_urgent.spec.js                                                                            │
  ├────────────────────────────────────────────────────────────────────────────────────────────────┤
  │ √  crow/005_cypress_crow_content_creat      01:30        2        1        -        1        - │
  │    e_infographic.spec.js                                                                       │
  ├────────────────────────────────────────────────────────────────────────────────────────────────┤
  │ ×  crow/006_cypress_crow_content_uploa      00:19        3        -        2        1        - │
  │    d_delete_image.spec.js                                                                      │
  ├────────────────────────────────────────────────────────────────────────────────────────────────┤
  │ √  crow/007_cypress_crow_content_creat      01:02        2        1        -        1        - │
  │    e_video.spec.js                                                                             │
  ├────────────────────────────────────────────────────────────────────────────────────────────────┤
  │ ×  crow/008_cypress_crow_content_creat      00:27        2        -        1        1        - │
  │    e_sound.spec.js                                                                             │
  ├────────────────────────────────────────────────────────────────────────────────────────────────┤
  │ ×  crow/009_cypress_crow_content_creat      00:23        2        -        1        1        - │
  │    e_program.spec.js                                                                           │
  ├────────────────────────────────────────────────────────────────────────────────────────────────┤
  │ ×  crow/010_cypress_crow_content_creat      00:22        2        -        1        1        - │
  │    e_slideshow.spec.js                                                                         │
  ├────────────────────────────────────────────────────────────────────────────────────────────────┤
  │ √  crow/011_cypress_crow_content_creat      01:05        2        1        -        1        - │
  │    e_page.spec.js                                                                              │
  ├────────────────────────────────────────────────────────────────────────────────────────────────┤
  │ √  crow/012_cypress_crow_navigation_ma      00:15        2        1        -        1        - │
  │    in_navigation.spec.js                                                                       │
  ├────────────────────────────────────────────────────────────────────────────────────────────────┤
  │ ×  crow/013_cypress_crow_content_exten      00:21        2        -        1        1        - │
  │    ded_article.spec.js                                                                         │
  ├────────────────────────────────────────────────────────────────────────────────────────────────┤
  │ ×  crow/014_cypress_crow_content_ck_ar      00:20        2        -        1        1        - │
  │    ticle.spec.js                                                                               │
  ├────────────────────────────────────────────────────────────────────────────────────────────────┤
  │ ×  crow/015_cypress_crow_editorial_upd      00:54        2        -        1        1        - │
  │    ate_homepage_tabs.spec.js                                                                   │
  ├────────────────────────────────────────────────────────────────────────────────────────────────┤
  │ ×  crow/016_cypress_crow_editorial_vid      00:33        2        -        1        1        - │
  │    eo_yt_test_playlist.spec.js                                                                 │
  ├────────────────────────────────────────────────────────────────────────────────────────────────┤
  │ ×  crow/017_cypress_crow_editorial_cre      02:06        4        -        3        1        - │
  │    ate_tag.spec.js                                                                             │
  ├────────────────────────────────────────────────────────────────────────────────────────────────┤
  │ √  crow/018_cypress_crow_editorial_obs      134ms        2        -        -        2        - │
  │    _translate_em_video_embed.spec.js                                                           │
  ├────────────────────────────────────────────────────────────────────────────────────────────────┤
  │ √  crow/019_cypress_crow_editorial_obs      709ms        1        -        -        1        - │
  │    _tag_extended.spec.js                                                                       │
  ├────────────────────────────────────────────────────────────────────────────────────────────────┤
  │ √  crow/020_cypress_crow_editorial_obs       88ms        2        -        -        2        - │
  │    _article_factchecked.spec.js                                                                │
  ├────────────────────────────────────────────────────────────────────────────────────────────────┤
  │ ×  crow/021_cypress_crow_editorial_cre      00:34        2        -        1        1        - │
  │    ate_video_media_custom_thumbnail.sp                                                         │
  │    ec.js                                                                                       │
  ├────────────────────────────────────────────────────────────────────────────────────────────────┤
  │ √  crow/022_cypress_crow_editorial_obs      00:01        1        -        -        1        - │
  │    _tagmetadata_observer_insert.spec.j                                                         │
  │    s                                                                                           │
  ├────────────────────────────────────────────────────────────────────────────────────────────────┤
  │ √  crow/023_cypress_crow_editorial_cor      00:54        2        1        -        1        - │
  │    rect_ck_working_with_word.spec.js                                                           │
  ├────────────────────────────────────────────────────────────────────────────────────────────────┤
  │ ×  crow/024_1_cypress_crow_editorial_c      00:20        2        -        1        1        - │
  │    orrect_ck_menu_format.spec.js                                                               │
  ├────────────────────────────────────────────────────────────────────────────────────────────────┤
  │ ×  crow/024_2_cypress_crow_editorial_c      00:20        2        -        1        1        - │
  │    orrect_ck_menu_format.spec.js                                                               │
  ├────────────────────────────────────────────────────────────────────────────────────────────────┤
  │ ×  crow/024_3_cypress_crow_editorial_c      00:20        2        -        1        1        - │
  │    orrect_ck_menu_format.spec.js                                                               │
  ├────────────────────────────────────────────────────────────────────────────────────────────────┤
  │ ×  crow/025_cypress_crow_editorial_cor      00:27        2        -        1        1        - │
  │    rect_ck_insert_link_test_validation                                                         │
  │    .spec.js                                                                                    │
  ├────────────────────────────────────────────────────────────────────────────────────────────────┤
  │ ×  crow/026_cypress_crow_editorial_cre      00:20        2        -        1        1        - │
  │    ate_and_search_brand_content.spec.j                                                         │
  │    s                                                                                           │
  ├────────────────────────────────────────────────────────────────────────────────────────────────┤
  │ √  crow/027_cypress_crow_editorial_hp_      00:08        2        1        -        1        - │
  │    update_hot_tag_zmea.spec.js                                                                 │
  ├────────────────────────────────────────────────────────────────────────────────────────────────┤
  │ ×  crow/028_cypress_crow_editorial_cro      00:09        2        -        1        1        - │
  │    pper_image.spec.js                                                                          │
  ├────────────────────────────────────────────────────────────────────────────────────────────────┤
  │ √  crow/029_cypress_crow_user_working_      00:57        4        3        -        1        - │
  │    with_login_logout.spec.js                                                                   │
  ├────────────────────────────────────────────────────────────────────────────────────────────────┤
  │ √  crow/030_cypress_crow_editorial_em_      00:08        2        1        -        1        - │
  │    mcd_horoscope.spec.js                                                                       │
  ├────────────────────────────────────────────────────────────────────────────────────────────────┤
  │ ×  crow/031_cypress_crow_content_creat      00:39        3        -        2        1        - │
  │    e_article_show_revisions.spec.js                                                            │
  ├────────────────────────────────────────────────────────────────────────────────────────────────┤
  │ ×  crow/032_cypress_crow_ux_gui_insura      02:21        6        2        3        1        - │
  │    nce.spec.js                                                                                 │
  ├────────────────────────────────────────────────────────────────────────────────────────────────┤
  │ ×  crow/033_cypress_crow_edit_existing      01:32        6        4        1        1        - │
  │    _content.spec.js                                                                            │
  ├────────────────────────────────────────────────────────────────────────────────────────────────┤
  │ ×  crow/034_cypress_crow_top_and_user_      01:19        4        2        1        1        - │
  │    navigation.spec.js                                                                          │
  ├────────────────────────────────────────────────────────────────────────────────────────────────┤
  │ ×  crow/035_cypress_crow_rs_videos_evo      01:51        3        1        1        1        - │
  │    lutions.spec.js                                                                             │
  ├────────────────────────────────────────────────────────────────────────────────────────────────┤
  │ ×  crow/036_cypress_crow_em_list_creat      01:31        2        -        1        1        - │
  │    ion_update_zmea.spec.js                                                                     │
  ├────────────────────────────────────────────────────────────────────────────────────────────────┤
  │ √  crow/037_cypress_crow_new_brand_lan      144ms        6        -        -        6        - │
  │    guage_stuff.spec.js                                                                         │
  ├────────────────────────────────────────────────────────────────────────────────────────────────┤
  │ √  crow/038_cypress_crow_create_update      00:53        2        1        -        1        - │
  │    _frontpage.spec.js                                                                          │
  ├────────────────────────────────────────────────────────────────────────────────────────────────┤
  │ √  crow/039_cypress_crow_restore_delet      03:34        2        1        -        1        - │
  │    ed_content.spec.js                                                                          │
  ├────────────────────────────────────────────────────────────────────────────────────────────────┤
  │ ×  crow/040_cypress_crow_extended_auto      00:24        2        -        1        1        - │
  │    save_new.spec.js                                                                            │
  ├────────────────────────────────────────────────────────────────────────────────────────────────┤
  │ √  crow/041_cypress_crow_sound_chapter      00:09        2        1        -        1        - │
  │    s.spec.js                                                                                   │
  ├────────────────────────────────────────────────────────────────────────────────────────────────┤
  │ ×  crow/042_cypress_crow_brand_content      00:28        4        2        1        1        - │
  │    _checkbox_roles.spec.js                                                                     │
  ├────────────────────────────────────────────────────────────────────────────────────────────────┤
  │ √  crow/043_cypress_crow_all_delta_flw      00:24        5        3        -        2        - │
  │    _fr.spec.js                                                                                 │
  ├────────────────────────────────────────────────────────────────────────────────────────────────┤
  │ √  crow/044_cypress_crow_social_thumbn      00:45        3        1        -        2        - │
  │    ail_generator.spec.js                                                                       │
  └────────────────────────────────────────────────────────────────────────────────────────────────┘
    ×  26 of 46 failed (57%)                    33:19      117       30       32       55        -  

